#
# An unexpected error has occurred (11)
#
Stack:
/tools/Xilinx/Vivado/2020.1/tps/lnx64/jre9.0.4/lib//server/libjvm.so(+0xb6aadb) [0x7f03ba36aadb]
/tools/Xilinx/Vivado/2020.1/tps/lnx64/jre9.0.4/lib//server/libjvm.so(JVM_handle_linux_signal+0xbb) [0x7f03ba36fe1b]
/tools/Xilinx/Vivado/2020.1/tps/lnx64/jre9.0.4/lib//server/libjvm.so(+0xb647b8) [0x7f03ba3647b8]
/lib/x86_64-linux-gnu/libc.so.6(+0x42990) [0x7f0412a42990]
/tools/Xilinx/Vivado/2020.1/lib/lnx64.o/librdi_wavedata.so(WVDAppInterface::WVDWindowManager::createWcfg(std::__cxx11::basic_string<char, std::char_traits<char>, std::allocator<char> > const&)+0x545) [0x7f03cd7a3a15]
/tools/Xilinx/Vivado/2020.1/lib/lnx64.o/librdi_wavedatatasks.so(WVWaveObjectOptionsImp::parseOptions()+0x241) [0x7f0382b158a1]
/tools/Xilinx/Vivado/2020.1/lib/lnx64.o/librdi_wavedatatasks.so(+0xdcee3) [0x7f0382adcee3]
/tools/Xilinx/Vivado/2020.1/lib/lnx64.o/librdi_common.so(+0x9627f2) [0x7f04143627f2]
/tools/Xilinx/Vivado/2020.1/lib/lnx64.o/libtcl8.5.so(+0x334af) [0x7f040c8334af]
/tools/Xilinx/Vivado/2020.1/lib/lnx64.o/libtcl8.5.so(+0x76875) [0x7f040c876875]
/tools/Xilinx/Vivado/2020.1/lib/lnx64.o/libtcl8.5.so(+0x7e029) [0x7f040c87e029]
/tools/Xilinx/Vivado/2020.1/lib/lnx64.o/libtcl8.5.so(TclEvalObjEx+0x76) [0x7f040c835156]
/tools/Xilinx/Vivado/2020.1/lib/lnx64.o/libtcl8.5.so(+0x3e754) [0x7f040c83e754]
/tools/Xilinx/Vivado/2020.1/lib/lnx64.o/libtcl8.5.so(+0x334af) [0x7f040c8334af]
/tools/Xilinx/Vivado/2020.1/lib/lnx64.o/libtcl8.5.so(+0x76875) [0x7f040c876875]
/tools/Xilinx/Vivado/2020.1/lib/lnx64.o/libtcl8.5.so(+0x7e029) [0x7f040c87e029]
/tools/Xilinx/Vivado/2020.1/lib/lnx64.o/libtcl8.5.so(TclEvalObjEx+0x76) [0x7f040c835156]
/tools/Xilinx/Vivado/2020.1/lib/lnx64.o/libtcl8.5.so(+0x3e754) [0x7f040c83e754]
/tools/Xilinx/Vivado/2020.1/lib/lnx64.o/libtcl8.5.so(+0x334af) [0x7f040c8334af]
/tools/Xilinx/Vivado/2020.1/lib/lnx64.o/libtcl8.5.so(+0x34b38) [0x7f040c834b38]
/tools/Xilinx/Vivado/2020.1/lib/lnx64.o/libtcl8.5.so(Tcl_EvalEx+0x13) [0x7f040c8350a3]
/tools/Xilinx/Vivado/2020.1/lib/lnx64.o/libtcl8.5.so(Tcl_FSEvalFileEx+0x1da) [0x7f040c899c5a]
/tools/Xilinx/Vivado/2020.1/lib/lnx64.o/librdi_commontasks.so(+0x1f895d) [0x7f04067f895d]
/tools/Xilinx/Vivado/2020.1/lib/lnx64.o/librdi_common.so(+0x9627f2) [0x7f04143627f2]
/tools/Xilinx/Vivado/2020.1/lib/lnx64.o/libtcl8.5.so(+0x334af) [0x7f040c8334af]
/tools/Xilinx/Vivado/2020.1/lib/lnx64.o/libtcl8.5.so(Tcl_EvalObjv+0x32) [0x7f040c8335e2]
/tools/Xilinx/Vivado/2020.1/lib/lnx64.o/libtcl8.5.so(TclEvalObjEx+0x322) [0x7f040c835402]
/tools/Xilinx/Vivado/2020.1/lib/lnx64.o/librdi_common.so(hdi::tcltasks::task_manager::eval_in_tcl(Tcl_Interp*, Tcl_Obj*, char const*, bool)+0xa99) [0x7f0414364609]
/tools/Xilinx/Vivado/2020.1/lib/lnx64.o/librdi_simtcltasks.so(RSTTclHelper::processTclbatchOption(hdi::tcltasks::task_options_base&, Tcl_Interp*)+0x114) [0x7f037d2c1864]
/tools/Xilinx/Vivado/2020.1/lib/lnx64.o/librdi_simtcltasks.so(+0x1ebb7c) [0x7f037d3ebb7c]
/tools/Xilinx/Vivado/2020.1/lib/lnx64.o/librdi_common.so(+0x9627f2) [0x7f04143627f2]
/tools/Xilinx/Vivado/2020.1/lib/lnx64.o/libtcl8.5.so(+0x334af) [0x7f040c8334af]
/tools/Xilinx/Vivado/2020.1/lib/lnx64.o/libtcl8.5.so(+0x76875) [0x7f040c876875]
/tools/Xilinx/Vivado/2020.1/lib/lnx64.o/libtcl8.5.so(+0x7e029) [0x7f040c87e029]
/tools/Xilinx/Vivado/2020.1/lib/lnx64.o/libtcl8.5.so(TclEvalObjEx+0x76) [0x7f040c835156]
/tools/Xilinx/Vivado/2020.1/lib/lnx64.o/librdi_common.so(hdi::tcltasks::task_manager::eval_in_tcl(Tcl_Interp*, Tcl_Obj*, char const*, bool)+0xa99) [0x7f0414364609]
/tools/Xilinx/Vivado/2020.1/lib/lnx64.o/librdi_common.so(hdi::tcltasks::task_manager::eval_in_tcl(Tcl_Interp*, char const*, char const*, bool)+0x12a) [0x7f041436511a]
/tools/Xilinx/Vivado/2020.1/lib/lnx64.o/librdi_common.so(hdi::tcltasks::task_manager::eval_in_tcl_throw(Tcl_Interp*, char const*, char const*, bool)+0x10) [0x7f0414365240]
/tools/Xilinx/Vivado/2020.1/lib/lnx64.o/librdi_simtcltasks.so(+0x1e7509) [0x7f037d3e7509]
/tools/Xilinx/Vivado/2020.1/lib/lnx64.o/librdi_common.so(+0x9627f2) [0x7f04143627f2]
/tools/Xilinx/Vivado/2020.1/lib/lnx64.o/libtcl8.5.so(+0x334af) [0x7f040c8334af]
/tools/Xilinx/Vivado/2020.1/lib/lnx64.o/libtcl8.5.so(+0x76875) [0x7f040c876875]
/tools/Xilinx/Vivado/2020.1/lib/lnx64.o/libtcl8.5.so(+0x7e029) [0x7f040c87e029]
/tools/Xilinx/Vivado/2020.1/lib/lnx64.o/libtcl8.5.so(TclEvalObjEx+0x76) [0x7f040c835156]
/tools/Xilinx/Vivado/2020.1/lib/lnx64.o/librdi_common.so(+0x960d01) [0x7f0414360d01]
/tools/Xilinx/Vivado/2020.1/lib/lnx64.o/libtcl8.5.so(Tcl_ServiceEvent+0x7f) [0x7f040c8a7b0f]
/tools/Xilinx/Vivado/2020.1/lib/lnx64.o/libtcl8.5.so(Tcl_DoOneEvent+0x154) [0x7f040c8a7e44]
/tools/Xilinx/Vivado/2020.1/lib/lnx64.o/librdi_commontasks.so(+0x23c7e5) [0x7f040683c7e5]
/tools/Xilinx/Vivado/2020.1/lib/lnx64.o/librdi_commontasks.so(+0x23f8f1) [0x7f040683f8f1]
/tools/Xilinx/Vivado/2020.1/lib/lnx64.o/librdi_commontasks.so(+0x24093e) [0x7f040684093e]
/tools/Xilinx/Vivado/2020.1/lib/lnx64.o/librdi_common.so(+0x9627f2) [0x7f04143627f2]
/tools/Xilinx/Vivado/2020.1/lib/lnx64.o/libtcl8.5.so(+0x334af) [0x7f040c8334af]
/tools/Xilinx/Vivado/2020.1/lib/lnx64.o/libtcl8.5.so(+0x76875) [0x7f040c876875]
/tools/Xilinx/Vivado/2020.1/lib/lnx64.o/libtcl8.5.so(+0x7e029) [0x7f040c87e029]
/tools/Xilinx/Vivado/2020.1/lib/lnx64.o/libtcl8.5.so(TclEvalObjEx+0x76) [0x7f040c835156]
/tools/Xilinx/Vivado/2020.1/lib/lnx64.o/librdi_commonmain.so(+0xad53) [0x7f041360ad53]
/tools/Xilinx/Vivado/2020.1/lib/lnx64.o/libtcl8.5.so(Tcl_Main+0x1d0) [0x7f040c8a0210]
/tools/Xilinx/Vivado/2020.1/lib/lnx64.o/librdi_common.so(+0x9a6e6b) [0x7f04143a6e6b]
/lib/x86_64-linux-gnu/libc.so.6(+0x97b5a) [0x7f0412a97b5a]
/lib/x86_64-linux-gnu/libc.so.6(+0x1285fc) [0x7f0412b285fc]
