Copyright 1986-2020 Xilinx, Inc. All Rights Reserved.
---------------------------------------------------------------------------------------------
| Tool Version : Vivado v.2020.1 (lin64) Build 2902540 Wed May 27 19:54:35 MDT 2020
| Date         : Wed Apr 17 12:12:57 2024
| Host         : billionaire-he-will-be running 64-bit Ubuntu 23.10
| Command      : report_control_sets -verbose -file design_1_wrapper_control_sets_placed.rpt
| Design       : design_1_wrapper
| Device       : xc7z020
---------------------------------------------------------------------------------------------

Control Set Information

Table of Contents
-----------------
1. Summary
2. Histogram
3. Flip-Flop Distribution
4. Detailed Control Set Information

1. Summary
----------

+----------------------------------------------------------+-------+
|                          Status                          | Count |
+----------------------------------------------------------+-------+
| Total control sets                                       |     9 |
|    Minimum number of control sets                        |     9 |
|    Addition due to synthesis replication                 |     0 |
|    Addition due to physical synthesis replication        |     0 |
| Unused register locations in slices containing registers |    23 |
+----------------------------------------------------------+-------+
* Control sets can be merged at opt_design using control_set_merge or merge_equivalent_drivers
** Run report_qor_suggestions for automated merging and remapping suggestions


2. Histogram
------------

+--------------------+-------+
|       Fanout       | Count |
+--------------------+-------+
| Total control sets |     9 |
| >= 0 to < 4        |     1 |
| >= 4 to < 6        |     1 |
| >= 6 to < 8        |     0 |
| >= 8 to < 10       |     3 |
| >= 10 to < 12      |     0 |
| >= 12 to < 14      |     0 |
| >= 14 to < 16      |     0 |
| >= 16              |     4 |
+--------------------+-------+
* Control sets can be remapped at either synth_design or opt_design


3. Flip-Flop Distribution
-------------------------

+--------------+-----------------------+------------------------+-----------------+--------------+
| Clock Enable | Synchronous Set/Reset | Asynchronous Set/Reset | Total Registers | Total Slices |
+--------------+-----------------------+------------------------+-----------------+--------------+
| No           | No                    | No                     |               3 |            2 |
| No           | No                    | Yes                    |               0 |            0 |
| No           | Yes                   | No                     |              62 |           23 |
| Yes          | No                    | No                     |               8 |            3 |
| Yes          | No                    | Yes                    |               0 |            0 |
| Yes          | Yes                   | No                     |              48 |           15 |
+--------------+-----------------------+------------------------+-----------------+--------------+


4. Detailed Control Set Information
-----------------------------------

+-----------------+------------------------------------------------------+--------------------------------------------+------------------+----------------+--------------+
|   Clock Signal  |                     Enable Signal                    |              Set/Reset Signal              | Slice Load Count | Bel Load Count | Bels / Slice |
+-----------------+------------------------------------------------------+--------------------------------------------+------------------+----------------+--------------+
|  iClk_IBUF_BUFG |                                                      |                                            |                2 |              3 |         1.50 |
|  iClk_IBUF_BUFG | design_1_i/uart_top_0/inst/UART_RX_INST/E[0]         | design_1_i/Debounce_Switch_0/inst/o_Switch |                1 |              5 |         5.00 |
|  iClk_IBUF_BUFG | design_1_i/uart_top_0/inst/UART_RX_INST/wBufferNext  | design_1_i/Debounce_Switch_0/inst/o_Switch |                5 |              8 |         1.60 |
|  iClk_IBUF_BUFG | design_1_i/uart_top_0/inst/UART_TX_INST/wTxData_Next | design_1_i/Debounce_Switch_0/inst/o_Switch |                3 |              8 |         2.67 |
|  iClk_IBUF_BUFG | design_1_i/uart_top_0/inst/rTxByte_1                 | design_1_i/Debounce_Switch_0/inst/o_Switch |                3 |              8 |         2.67 |
|  iClk_IBUF_BUFG | design_1_i/uart_top_0/inst/UART_RX_INST/rBuffer_0    |                                            |                3 |             16 |         5.33 |
|  iClk_IBUF_BUFG |                                                      | design_1_i/Debounce_Switch_0/inst/p_0_in   |                5 |             18 |         3.60 |
|  iClk_IBUF_BUFG | design_1_i/uart_top_0/inst/UART_RX_INST/rBuffer_0    | design_1_i/Debounce_Switch_0/inst/o_Switch |                3 |             19 |         6.33 |
|  iClk_IBUF_BUFG |                                                      | design_1_i/Debounce_Switch_0/inst/o_Switch |               18 |             44 |         2.44 |
+-----------------+------------------------------------------------------+--------------------------------------------+------------------+----------------+--------------+


